2025-06-13 09:31:08,024 - root - INFO - Logging configured. Log directory: /home/d/cliprr/cliparr-next/backend/data/logs
2025-06-13 09:31:08,024 - app.main - INFO - Environment: development
2025-06-13 09:31:08,024 - app.main - INFO - DB_PATH: /home/d/cliprr/cliparr-next/backend/data/db/cliparr.db
2025-06-13 09:31:08,024 - app.main - INFO - LOG_DIR: /home/d/cliprr/cliparr-next/backend/data/logs
2025-06-13 09:31:08,024 - app.main - INFO - CONFIG_DIR: /home/d/cliprr/cliparr-next/backend/data/config
2025-06-13 09:31:08,024 - app.main - INFO - Checking directory: /home/d/cliprr/cliparr-next/backend/data/db
2025-06-13 09:31:08,024 - app.main - INFO - Directory exists: /home/d/cliprr/cliparr-next/backend/data/db
2025-06-13 09:31:08,024 - app.main - INFO - Checking directory: /home/d/cliprr/cliparr-next/backend/data/logs
2025-06-13 09:31:08,024 - app.main - INFO - Directory exists: /home/d/cliprr/cliparr-next/backend/data/logs
2025-06-13 09:31:08,024 - app.main - INFO - Checking directory: /home/d/cliprr/cliparr-next/backend/data/config
2025-06-13 09:31:08,024 - app.main - INFO - Directory exists: /home/d/cliprr/cliparr-next/backend/data/config
2025-06-13 09:31:08,026 - engineio.server - INFO - Server initialized for asgi.
2025-06-13 09:31:08,030 - app.main - INFO - Initializing database...
2025-06-13 09:31:08,039 - app.db.init_db - INFO - Database initialized successfully at /home/d/cliprr/cliparr-next/backend/data/db/cliparr.db
2025-06-13 09:31:08,045 - app.main - INFO - Verifying Sonarr connection...
2025-06-13 09:31:08,045 - app.api.sonarr_api - INFO - Fetching series data from: http://localhost:8989/api/v3/series
2025-06-13 09:31:08,046 - urllib3.connectionpool - DEBUG - Starting new HTTP connection (1): localhost:8989
2025-06-13 09:31:08,048 - urllib3.connectionpool - DEBUG - http://localhost:8989 "GET /api/v3/series HTTP/1.1" 401 0
2025-06-13 09:31:08,049 - app.api.sonarr_api - ERROR - Error fetching series data: 401 Client Error: Unauthorized for url: http://localhost:8989/api/v3/series
2025-06-13 09:31:08,049 - app.main - ERROR - Failed to connect to Sonarr: 401 Client Error: Unauthorized for url: http://localhost:8989/api/v3/series
2025-06-13 09:31:08,049 - app.main - INFO - Shutting down application...
